-------------------------------------------------------------------------------
Test set: com.transaction.solution.data.TransactionTest
-------------------------------------------------------------------------------
Tests run: 5, Failures: 0, Errors: 5, Skipped: 0, Time elapsed: 10.521 s <<< FAILURE! - in com.transaction.solution.data.TransactionTest
testRead  Time elapsed: 0.002 s  <<< ERROR!
java.lang.IllegalStateException: Failed to load ApplicationContext
Caused by: org.springframework.beans.factory.BeanCreationException: 
Error creating bean with name 'entityManagerFactory' defined in class path resource [org/springframework/boot/autoconfigure/orm/jpa/HibernateJpaConfiguration.class]: Initialization of bean failed; nested exception is org.springframework.jdbc.datasource.init.ScriptStatementFailedException: Failed to execute SQL script statement #1 of URL [file:/C:/Users/P7806/Documents/FIDELTEST/FX-FIX/Virtual%20Card%20MiddleWare%20Logs/spring-boot-h2-database-crud-master/target/classes/data.sql]: INSERT INTO DEPARTMENTS (DEPARTMENT_ID,DEPARTMENT_NAME) VALUES(1,'ICT'); nested exception is org.h2.jdbc.JdbcSQLException: Table "DEPARTMENTS" not found; SQL statement:
INSERT INTO DEPARTMENTS (DEPARTMENT_ID,DEPARTMENT_NAME) VALUES(1,'ICT') [42102-197]
Caused by: org.springframework.jdbc.datasource.init.ScriptStatementFailedException: 
Failed to execute SQL script statement #1 of URL [file:/C:/Users/P7806/Documents/FIDELTEST/FX-FIX/Virtual%20Card%20MiddleWare%20Logs/spring-boot-h2-database-crud-master/target/classes/data.sql]: INSERT INTO DEPARTMENTS (DEPARTMENT_ID,DEPARTMENT_NAME) VALUES(1,'ICT'); nested exception is org.h2.jdbc.JdbcSQLException: Table "DEPARTMENTS" not found; SQL statement:
INSERT INTO DEPARTMENTS (DEPARTMENT_ID,DEPARTMENT_NAME) VALUES(1,'ICT') [42102-197]
Caused by: org.h2.jdbc.JdbcSQLException: 
Table "DEPARTMENTS" not found; SQL statement:
INSERT INTO DEPARTMENTS (DEPARTMENT_ID,DEPARTMENT_NAME) VALUES(1,'ICT') [42102-197]

testReadAll  Time elapsed: 0 s  <<< ERROR!
java.lang.IllegalStateException: Failed to load ApplicationContext
Caused by: org.springframework.beans.factory.BeanCreationException: 
Error creating bean with name 'entityManagerFactory' defined in class path resource [org/springframework/boot/autoconfigure/orm/jpa/HibernateJpaConfiguration.class]: Initialization of bean failed; nested exception is org.springframework.jdbc.datasource.init.ScriptStatementFailedException: Failed to execute SQL script statement #1 of URL [file:/C:/Users/P7806/Documents/FIDELTEST/FX-FIX/Virtual%20Card%20MiddleWare%20Logs/spring-boot-h2-database-crud-master/target/classes/data.sql]: INSERT INTO DEPARTMENTS (DEPARTMENT_ID,DEPARTMENT_NAME) VALUES(1,'ICT'); nested exception is org.h2.jdbc.JdbcSQLException: Table "DEPARTMENTS" not found; SQL statement:
INSERT INTO DEPARTMENTS (DEPARTMENT_ID,DEPARTMENT_NAME) VALUES(1,'ICT') [42102-197]
Caused by: org.springframework.jdbc.datasource.init.ScriptStatementFailedException: 
Failed to execute SQL script statement #1 of URL [file:/C:/Users/P7806/Documents/FIDELTEST/FX-FIX/Virtual%20Card%20MiddleWare%20Logs/spring-boot-h2-database-crud-master/target/classes/data.sql]: INSERT INTO DEPARTMENTS (DEPARTMENT_ID,DEPARTMENT_NAME) VALUES(1,'ICT'); nested exception is org.h2.jdbc.JdbcSQLException: Table "DEPARTMENTS" not found; SQL statement:
INSERT INTO DEPARTMENTS (DEPARTMENT_ID,DEPARTMENT_NAME) VALUES(1,'ICT') [42102-197]
Caused by: org.h2.jdbc.JdbcSQLException: 
Table "DEPARTMENTS" not found; SQL statement:
INSERT INTO DEPARTMENTS (DEPARTMENT_ID,DEPARTMENT_NAME) VALUES(1,'ICT') [42102-197]

testCreate  Time elapsed: 0 s  <<< ERROR!
java.lang.IllegalStateException: Failed to load ApplicationContext
Caused by: org.springframework.beans.factory.BeanCreationException: 
Error creating bean with name 'entityManagerFactory' defined in class path resource [org/springframework/boot/autoconfigure/orm/jpa/HibernateJpaConfiguration.class]: Initialization of bean failed; nested exception is org.springframework.jdbc.datasource.init.ScriptStatementFailedException: Failed to execute SQL script statement #1 of URL [file:/C:/Users/P7806/Documents/FIDELTEST/FX-FIX/Virtual%20Card%20MiddleWare%20Logs/spring-boot-h2-database-crud-master/target/classes/data.sql]: INSERT INTO DEPARTMENTS (DEPARTMENT_ID,DEPARTMENT_NAME) VALUES(1,'ICT'); nested exception is org.h2.jdbc.JdbcSQLException: Table "DEPARTMENTS" not found; SQL statement:
INSERT INTO DEPARTMENTS (DEPARTMENT_ID,DEPARTMENT_NAME) VALUES(1,'ICT') [42102-197]
Caused by: org.springframework.jdbc.datasource.init.ScriptStatementFailedException: 
Failed to execute SQL script statement #1 of URL [file:/C:/Users/P7806/Documents/FIDELTEST/FX-FIX/Virtual%20Card%20MiddleWare%20Logs/spring-boot-h2-database-crud-master/target/classes/data.sql]: INSERT INTO DEPARTMENTS (DEPARTMENT_ID,DEPARTMENT_NAME) VALUES(1,'ICT'); nested exception is org.h2.jdbc.JdbcSQLException: Table "DEPARTMENTS" not found; SQL statement:
INSERT INTO DEPARTMENTS (DEPARTMENT_ID,DEPARTMENT_NAME) VALUES(1,'ICT') [42102-197]
Caused by: org.h2.jdbc.JdbcSQLException: 
Table "DEPARTMENTS" not found; SQL statement:
INSERT INTO DEPARTMENTS (DEPARTMENT_ID,DEPARTMENT_NAME) VALUES(1,'ICT') [42102-197]

testDelete  Time elapsed: 0 s  <<< ERROR!
java.lang.IllegalStateException: Failed to load ApplicationContext
Caused by: org.springframework.beans.factory.BeanCreationException: 
Error creating bean with name 'entityManagerFactory' defined in class path resource [org/springframework/boot/autoconfigure/orm/jpa/HibernateJpaConfiguration.class]: Initialization of bean failed; nested exception is org.springframework.jdbc.datasource.init.ScriptStatementFailedException: Failed to execute SQL script statement #1 of URL [file:/C:/Users/P7806/Documents/FIDELTEST/FX-FIX/Virtual%20Card%20MiddleWare%20Logs/spring-boot-h2-database-crud-master/target/classes/data.sql]: INSERT INTO DEPARTMENTS (DEPARTMENT_ID,DEPARTMENT_NAME) VALUES(1,'ICT'); nested exception is org.h2.jdbc.JdbcSQLException: Table "DEPARTMENTS" not found; SQL statement:
INSERT INTO DEPARTMENTS (DEPARTMENT_ID,DEPARTMENT_NAME) VALUES(1,'ICT') [42102-197]
Caused by: org.springframework.jdbc.datasource.init.ScriptStatementFailedException: 
Failed to execute SQL script statement #1 of URL [file:/C:/Users/P7806/Documents/FIDELTEST/FX-FIX/Virtual%20Card%20MiddleWare%20Logs/spring-boot-h2-database-crud-master/target/classes/data.sql]: INSERT INTO DEPARTMENTS (DEPARTMENT_ID,DEPARTMENT_NAME) VALUES(1,'ICT'); nested exception is org.h2.jdbc.JdbcSQLException: Table "DEPARTMENTS" not found; SQL statement:
INSERT INTO DEPARTMENTS (DEPARTMENT_ID,DEPARTMENT_NAME) VALUES(1,'ICT') [42102-197]
Caused by: org.h2.jdbc.JdbcSQLException: 
Table "DEPARTMENTS" not found; SQL statement:
INSERT INTO DEPARTMENTS (DEPARTMENT_ID,DEPARTMENT_NAME) VALUES(1,'ICT') [42102-197]

testUpdate  Time elapsed: 0 s  <<< ERROR!
java.lang.IllegalStateException: Failed to load ApplicationContext
Caused by: org.springframework.beans.factory.BeanCreationException: 
Error creating bean with name 'entityManagerFactory' defined in class path resource [org/springframework/boot/autoconfigure/orm/jpa/HibernateJpaConfiguration.class]: Initialization of bean failed; nested exception is org.springframework.jdbc.datasource.init.ScriptStatementFailedException: Failed to execute SQL script statement #1 of URL [file:/C:/Users/P7806/Documents/FIDELTEST/FX-FIX/Virtual%20Card%20MiddleWare%20Logs/spring-boot-h2-database-crud-master/target/classes/data.sql]: INSERT INTO DEPARTMENTS (DEPARTMENT_ID,DEPARTMENT_NAME) VALUES(1,'ICT'); nested exception is org.h2.jdbc.JdbcSQLException: Table "DEPARTMENTS" not found; SQL statement:
INSERT INTO DEPARTMENTS (DEPARTMENT_ID,DEPARTMENT_NAME) VALUES(1,'ICT') [42102-197]
Caused by: org.springframework.jdbc.datasource.init.ScriptStatementFailedException: 
Failed to execute SQL script statement #1 of URL [file:/C:/Users/P7806/Documents/FIDELTEST/FX-FIX/Virtual%20Card%20MiddleWare%20Logs/spring-boot-h2-database-crud-master/target/classes/data.sql]: INSERT INTO DEPARTMENTS (DEPARTMENT_ID,DEPARTMENT_NAME) VALUES(1,'ICT'); nested exception is org.h2.jdbc.JdbcSQLException: Table "DEPARTMENTS" not found; SQL statement:
INSERT INTO DEPARTMENTS (DEPARTMENT_ID,DEPARTMENT_NAME) VALUES(1,'ICT') [42102-197]
Caused by: org.h2.jdbc.JdbcSQLException: 
Table "DEPARTMENTS" not found; SQL statement:
INSERT INTO DEPARTMENTS (DEPARTMENT_ID,DEPARTMENT_NAME) VALUES(1,'ICT') [42102-197]

